<?xml version="1.0" encoding="UTF-8"?>
<!-- Generated by org.testng.reporters.JUnitReportReporter -->
<testsuite hostname="DESKTOP-39G43KO" failures="0" tests="2" name="MySessions.MySession.UnitTest" time="4.655" errors="0" timestamp="5 Oct 2021 04:06:17 GMT">
  <testcase classname="MySessions.MySession.UnitTest" name="newlist" time="4.109"/>
  <testcase classname="MySessions.MySession.UnitTest" name="exstlist" time="0.546"/>
</testsuite> <!-- MySessions.MySession.UnitTest -->
