<?xml version="1.0" encoding="UTF-8"?>
<!-- Generated by org.testng.reporters.JUnitReportReporter -->
<testsuite hostname="DESKTOP-39G43KO" failures="0" tests="2" name="MySessions.MySession.Frameseg" time="53.783" errors="0" timestamp="6 Oct 2021 04:03:11 GMT">
  <testcase classname="MySessions.MySession.Frameseg" name="action" time="27.194"/>
  <testcase classname="MySessions.MySession.Frameseg" name="amazonpay" time="26.589"/>
</testsuite> <!-- MySessions.MySession.Frameseg -->
